{"/Users/gwillis/SCM/LinkCullen/src/services/linkService.ts": {"path":"/Users/gwillis/SCM/LinkCullen/src/services/linkService.ts","statementMap":{"0":{"start":{"line":47,"column":13},"end":{"line":47,"column":24}},"1":{"start":{"line":270,"column":0},"end":{"line":270,"column":15}},"2":{"start":{"line":267,"column":13},"end":{"line":267,"column":24}},"3":{"start":{"line":17,"column":65},"end":{"line":17,"column":null}},"4":{"start":{"line":18,"column":23},"end":{"line":18,"column":null}},"5":{"start":{"line":20,"column":15},"end":{"line":20,"column":null}},"6":{"start":{"line":51,"column":4},"end":{"line":51,"column":null}},"7":{"start":{"line":57,"column":4},"end":{"line":91,"column":null}},"8":{"start":{"line":59,"column":22},"end":{"line":59,"column":null}},"9":{"start":{"line":62,"column":19},"end":{"line":77,"column":null}},"10":{"start":{"line":80,"column":6},"end":{"line":85,"column":null}},"11":{"start":{"line":87,"column":6},"end":{"line":87,"column":null}},"12":{"start":{"line":89,"column":6},"end":{"line":89,"column":null}},"13":{"start":{"line":90,"column":6},"end":{"line":90,"column":null}},"14":{"start":{"line":98,"column":4},"end":{"line":121,"column":null}},"15":{"start":{"line":99,"column":19},"end":{"line":101,"column":null}},"16":{"start":{"line":103,"column":6},"end":{"line":105,"column":null}},"17":{"start":{"line":104,"column":8},"end":{"line":104,"column":null}},"18":{"start":{"line":108,"column":6},"end":{"line":115,"column":null}},"19":{"start":{"line":109,"column":8},"end":{"line":113,"column":null}},"20":{"start":{"line":114,"column":8},"end":{"line":114,"column":null}},"21":{"start":{"line":117,"column":6},"end":{"line":117,"column":null}},"22":{"start":{"line":119,"column":6},"end":{"line":119,"column":null}},"23":{"start":{"line":120,"column":6},"end":{"line":120,"column":null}},"24":{"start":{"line":128,"column":37},"end":{"line":128,"column":null}},"25":{"start":{"line":129,"column":17},"end":{"line":129,"column":null}},"26":{"start":{"line":131,"column":4},"end":{"line":157,"column":null}},"27":{"start":{"line":133,"column":20},"end":{"line":135,"column":32}},"28":{"start":{"line":138,"column":29},"end":{"line":146,"column":null}},"29":{"start":{"line":148,"column":6},"end":{"line":148,"column":null}},"30":{"start":{"line":150,"column":6},"end":{"line":155,"column":null}},"31":{"start":{"line":156,"column":6},"end":{"line":156,"column":null}},"32":{"start":{"line":164,"column":4},"end":{"line":192,"column":null}},"33":{"start":{"line":166,"column":27},"end":{"line":166,"column":null}},"34":{"start":{"line":168,"column":6},"end":{"line":170,"column":null}},"35":{"start":{"line":169,"column":8},"end":{"line":169,"column":null}},"36":{"start":{"line":173,"column":26},"end":{"line":180,"column":null}},"37":{"start":{"line":183,"column":6},"end":{"line":186,"column":null}},"38":{"start":{"line":188,"column":6},"end":{"line":188,"column":null}},"39":{"start":{"line":190,"column":6},"end":{"line":190,"column":null}},"40":{"start":{"line":191,"column":6},"end":{"line":191,"column":null}},"41":{"start":{"line":199,"column":4},"end":{"line":222,"column":null}},"42":{"start":{"line":201,"column":27},"end":{"line":201,"column":null}},"43":{"start":{"line":203,"column":6},"end":{"line":205,"column":null}},"44":{"start":{"line":204,"column":8},"end":{"line":204,"column":null}},"45":{"start":{"line":208,"column":6},"end":{"line":210,"column":null}},"46":{"start":{"line":213,"column":6},"end":{"line":216,"column":null}},"47":{"start":{"line":218,"column":6},"end":{"line":218,"column":null}},"48":{"start":{"line":220,"column":6},"end":{"line":220,"column":null}},"49":{"start":{"line":221,"column":6},"end":{"line":221,"column":null}},"50":{"start":{"line":229,"column":4},"end":{"line":252,"column":null}},"51":{"start":{"line":230,"column":18},"end":{"line":230,"column":null}},"52":{"start":{"line":231,"column":28},"end":{"line":231,"column":null}},"53":{"start":{"line":232,"column":6},"end":{"line":232,"column":null}},"54":{"start":{"line":235,"column":28},"end":{"line":246,"column":null}},"55":{"start":{"line":248,"column":6},"end":{"line":248,"column":null}},"56":{"start":{"line":250,"column":6},"end":{"line":250,"column":null}},"57":{"start":{"line":251,"column":6},"end":{"line":251,"column":null}},"58":{"start":{"line":260,"column":20},"end":{"line":260,"column":null}},"59":{"start":{"line":261,"column":21},"end":{"line":261,"column":null}},"60":{"start":{"line":262,"column":4},"end":{"line":262,"column":null}},"61":{"start":{"line":267,"column":27},"end":{"line":267,"column":null}},"62":{"start":{"line":270,"column":15},"end":{"line":270,"column":27}}},"fnMap":{"0":{"name":"(anonymous_4)","decl":{"start":{"line":50,"column":2},"end":{"line":50,"column":14}},"loc":{"start":{"line":50,"column":57},"end":{"line":52,"column":null}}},"1":{"name":"(anonymous_5)","decl":{"start":{"line":56,"column":2},"end":{"line":56,"column":8}},"loc":{"start":{"line":56,"column":66},"end":{"line":92,"column":null}}},"2":{"name":"(anonymous_6)","decl":{"start":{"line":97,"column":2},"end":{"line":97,"column":8}},"loc":{"start":{"line":97,"column":72},"end":{"line":122,"column":null}}},"3":{"name":"(anonymous_7)","decl":{"start":{"line":127,"column":2},"end":{"line":127,"column":8}},"loc":{"start":{"line":127,"column":109},"end":{"line":158,"column":null}}},"4":{"name":"(anonymous_8)","decl":{"start":{"line":163,"column":2},"end":{"line":163,"column":8}},"loc":{"start":{"line":163,"column":97},"end":{"line":193,"column":null}}},"5":{"name":"(anonymous_9)","decl":{"start":{"line":198,"column":2},"end":{"line":198,"column":8}},"loc":{"start":{"line":198,"column":61},"end":{"line":223,"column":null}}},"6":{"name":"(anonymous_10)","decl":{"start":{"line":228,"column":2},"end":{"line":228,"column":8}},"loc":{"start":{"line":228,"column":76},"end":{"line":253,"column":null}}},"7":{"name":"(anonymous_11)","decl":{"start":{"line":259,"column":2},"end":{"line":259,"column":25}},"loc":{"start":{"line":259,"column":50},"end":{"line":263,"column":null}}}},"branchMap":{"0":{"loc":{"start":{"line":50,"column":14},"end":{"line":50,"column":55}},"type":"default-arg","locations":[{"start":{"line":50,"column":37},"end":{"line":50,"column":55}}]},"1":{"loc":{"start":{"line":103,"column":6},"end":{"line":105,"column":null}},"type":"if","locations":[{"start":{"line":103,"column":6},"end":{"line":105,"column":null}},{"start":{},"end":{}}]},"2":{"loc":{"start":{"line":108,"column":6},"end":{"line":115,"column":null}},"type":"if","locations":[{"start":{"line":108,"column":6},"end":{"line":115,"column":null}},{"start":{},"end":{}}]},"3":{"loc":{"start":{"line":108,"column":10},"end":{"line":108,"column":62}},"type":"binary-expr","locations":[{"start":{"line":108,"column":10},"end":{"line":108,"column":34}},{"start":{"line":108,"column":38},"end":{"line":108,"column":62}}]},"4":{"loc":{"start":{"line":127,"column":29},"end":{"line":127,"column":59}},"type":"default-arg","locations":[{"start":{"line":127,"column":57},"end":{"line":127,"column":59}}]},"5":{"loc":{"start":{"line":128,"column":12},"end":{"line":128,"column":20}},"type":"default-arg","locations":[{"start":{"line":128,"column":19},"end":{"line":128,"column":20}}]},"6":{"loc":{"start":{"line":128,"column":22},"end":{"line":128,"column":32}},"type":"default-arg","locations":[{"start":{"line":128,"column":30},"end":{"line":128,"column":32}}]},"7":{"loc":{"start":{"line":133,"column":20},"end":{"line":135,"column":32}},"type":"cond-expr","locations":[{"start":{"line":134,"column":10},"end":{"line":134,"column":13}},{"start":{"line":135,"column":10},"end":{"line":135,"column":32}}]},"8":{"loc":{"start":{"line":168,"column":6},"end":{"line":170,"column":null}},"type":"if","locations":[{"start":{"line":168,"column":6},"end":{"line":170,"column":null}},{"start":{},"end":{}}]},"9":{"loc":{"start":{"line":203,"column":6},"end":{"line":205,"column":null}},"type":"if","locations":[{"start":{"line":203,"column":6},"end":{"line":205,"column":null}},{"start":{},"end":{}}]},"10":{"loc":{"start":{"line":228,"column":26},"end":{"line":228,"column":51}},"type":"default-arg","locations":[{"start":{"line":228,"column":50},"end":{"line":228,"column":51}}]},"11":{"loc":{"start":{"line":260,"column":20},"end":{"line":260,"column":null}},"type":"binary-expr","locations":[{"start":{"line":260,"column":20},"end":{"line":260,"column":52}},{"start":{"line":260,"column":56},"end":{"line":260,"column":null}}]}},"s":{"0":13,"1":0,"2":0,"3":1,"4":1,"5":1,"6":14,"7":1,"8":1,"9":1,"10":1,"11":1,"12":0,"13":0,"14":8,"15":8,"16":8,"17":3,"18":5,"19":1,"20":1,"21":4,"22":0,"23":0,"24":3,"25":3,"26":3,"27":3,"28":3,"29":3,"30":0,"31":0,"32":2,"33":2,"34":2,"35":1,"36":1,"37":1,"38":1,"39":0,"40":0,"41":2,"42":2,"43":2,"44":1,"45":1,"46":1,"47":1,"48":0,"49":0,"50":1,"51":1,"52":1,"53":1,"54":1,"55":1,"56":0,"57":0,"58":1,"59":1,"60":1,"61":1,"62":1},"f":{"0":14,"1":1,"2":8,"3":3,"4":2,"5":2,"6":1,"7":1},"b":{"0":[14],"1":[3,5],"2":[1,4],"3":[5,4],"4":[2],"5":[2],"6":[2],"7":[1,2],"8":[1,1],"9":[1,1],"10":[0],"11":[1,1]}}
}
