TN:
SF:src/services/linkService.ts
FN:50,(anonymous_4)
FN:56,(anonymous_5)
FN:97,(anonymous_6)
FN:127,(anonymous_7)
FN:163,(anonymous_8)
FN:198,(anonymous_9)
FN:228,(anonymous_10)
FN:259,(anonymous_11)
FNF:8
FNH:8
FNDA:14,(anonymous_4)
FNDA:1,(anonymous_5)
FNDA:8,(anonymous_6)
FNDA:3,(anonymous_7)
FNDA:2,(anonymous_8)
FNDA:2,(anonymous_9)
FNDA:1,(anonymous_10)
FNDA:1,(anonymous_11)
DA:17,1
DA:18,1
DA:20,1
DA:47,13
DA:51,14
DA:57,1
DA:59,1
DA:62,1
DA:80,1
DA:87,1
DA:89,0
DA:90,0
DA:98,8
DA:99,8
DA:103,8
DA:104,3
DA:108,5
DA:109,1
DA:114,1
DA:117,4
DA:119,0
DA:120,0
DA:128,3
DA:129,3
DA:131,3
DA:133,3
DA:138,3
DA:148,3
DA:150,0
DA:156,0
DA:164,2
DA:166,2
DA:168,2
DA:169,1
DA:173,1
DA:183,1
DA:188,1
DA:190,0
DA:191,0
DA:199,2
DA:201,2
DA:203,2
DA:204,1
DA:208,1
DA:213,1
DA:218,1
DA:220,0
DA:221,0
DA:229,1
DA:230,1
DA:231,1
DA:232,1
DA:235,1
DA:248,1
DA:250,0
DA:251,0
DA:260,1
DA:261,1
DA:262,1
DA:267,1
DA:270,1
LF:61
LH:49
BRDA:50,0,0,14
BRDA:103,1,0,3
BRDA:103,1,1,5
BRDA:108,2,0,1
BRDA:108,2,1,4
BRDA:108,3,0,5
BRDA:108,3,1,4
BRDA:127,4,0,2
BRDA:128,5,0,2
BRDA:128,6,0,2
BRDA:133,7,0,1
BRDA:133,7,1,2
BRDA:168,8,0,1
BRDA:168,8,1,1
BRDA:203,9,0,1
BRDA:203,9,1,1
BRDA:228,10,0,0
BRDA:260,11,0,1
BRDA:260,11,1,1
BRF:19
BRH:18
end_of_record
